CRITICAL - 2024-03-20 13:41:10 --> ArgumentCountError: Too few arguments to function CodeIgniter\Router\RouteCollection::get(), 1 passed in C:\xampp\htdocs\computrack\app\Config\Routes.php on line 21 and at least 2 expected
in SYSTEMPATH\Router\RouteCollection.php on line 1018.
 1 APPPATH\Config\Routes.php(21): CodeIgniter\Router\RouteCollection->get('/')
 2 SYSTEMPATH\Router\RouteCollection.php(779): CodeIgniter\Router\RouteCollection::{closure}(Object(CodeIgniter\Router\RouteCollection))
 3 APPPATH\Config\Routes.php(20): CodeIgniter\Router\RouteCollection->group('dispositivos', Object(Closure))
 4 SYSTEMPATH\Router\RouteCollection.php(345): require('C:\\xampp\\htdocs\\computrack\\app\\Config\\Routes.php')
 5 SYSTEMPATH\CLI\Console.php(39): CodeIgniter\Router\RouteCollection->loadRoutes()
 6 ROOTPATH\spark(102): CodeIgniter\CLI\Console->run()
CRITICAL - 2024-03-20 13:41:17 --> ArgumentCountError: Too few arguments to function CodeIgniter\Router\RouteCollection::get(), 1 passed in C:\xampp\htdocs\computrack\app\Config\Routes.php on line 21 and at least 2 expected
in SYSTEMPATH\Router\RouteCollection.php on line 1018.
 1 APPPATH\Config\Routes.php(21): CodeIgniter\Router\RouteCollection->get('/')
 2 SYSTEMPATH\Router\RouteCollection.php(779): CodeIgniter\Router\RouteCollection::{closure}(Object(CodeIgniter\Router\RouteCollection))
 3 APPPATH\Config\Routes.php(20): CodeIgniter\Router\RouteCollection->group('dispositivos', Object(Closure))
 4 SYSTEMPATH\Router\RouteCollection.php(345): require('C:\\xampp\\htdocs\\computrack\\app\\Config\\Routes.php')
 5 SYSTEMPATH\CLI\Console.php(39): CodeIgniter\Router\RouteCollection->loadRoutes()
 6 ROOTPATH\spark(102): CodeIgniter\CLI\Console->run()
CRITICAL - 2024-03-20 13:43:27 --> ArgumentCountError: Too few arguments to function CodeIgniter\Router\RouteCollection::get(), 1 passed in C:\xampp\htdocs\computrack\app\Config\Routes.php on line 21 and at least 2 expected
in SYSTEMPATH\Router\RouteCollection.php on line 1018.
 1 APPPATH\Config\Routes.php(21): CodeIgniter\Router\RouteCollection->get('/')
 2 SYSTEMPATH\Router\RouteCollection.php(779): CodeIgniter\Router\RouteCollection::{closure}(Object(CodeIgniter\Router\RouteCollection))
 3 APPPATH\Config\Routes.php(20): CodeIgniter\Router\RouteCollection->group('dispositivos', Object(Closure))
 4 SYSTEMPATH\Router\RouteCollection.php(345): require('C:\\xampp\\htdocs\\computrack\\app\\Config\\Routes.php')
 5 SYSTEMPATH\CLI\Console.php(39): CodeIgniter\Router\RouteCollection->loadRoutes()
 6 ROOTPATH\spark(102): CodeIgniter\CLI\Console->run()
CRITICAL - 2024-03-20 14:59:06 --> ErrorException: Undefined array key "nombres giraldo"
in APPPATH\Controllers\DispositivoController.php on line 36.
 1 APPPATH\Controllers\DispositivoController.php(36): CodeIgniter\Debug\Exceptions->errorHandler(2, 'Undefined array key "nombres giraldo"', 'C:\\xampp\\htdocs\\computrack\\app\\Controllers\\DispositivoController.php', 36)
 2 SYSTEMPATH\CodeIgniter.php(941): App\Controllers\DispositivoController->obtenerNombreClientePorCedula()
 3 SYSTEMPATH\CodeIgniter.php(502): CodeIgniter\CodeIgniter->runController(Object(App\Controllers\DispositivoController))
 4 SYSTEMPATH\CodeIgniter.php(361): CodeIgniter\CodeIgniter->handleRequest(null, Object(Config\Cache), false)
 5 FCPATH\index.php(79): CodeIgniter\CodeIgniter->run()
